2020-06-25T23:18:18.745428+09:00 0 [Warning] [MY-011070] [Server] 'Disabling symbolic links using --skip-symbolic-links (or equivalent) is the default. Consider not using this option as it' is deprecated and will be removed in a future release.
2020-06-25T23:18:18.746795+09:00 0 [System] [MY-013169] [Server] /usr/sbin/mysqld (mysqld 8.0.20) initializing of server in progress as process 43
2020-06-25T23:18:18.797332+09:00 1 [System] [MY-013576] [InnoDB] InnoDB initialization has started.
2020-06-25T23:18:20.074024+09:00 1 [System] [MY-013577] [InnoDB] InnoDB initialization has ended.
2020-06-25T23:18:23.461056+09:00 6 [Warning] [MY-010453] [Server] root@localhost is created with an empty password ! Please consider switching off the --initialize-insecure option.
2020-06-25T23:18:34.780506+09:00 0 [Warning] [MY-011070] [Server] 'Disabling symbolic links using --skip-symbolic-links (or equivalent) is the default. Consider not using this option as it' is deprecated and will be removed in a future release.
2020-06-25T23:18:34.780835+09:00 0 [System] [MY-010116] [Server] /usr/sbin/mysqld (mysqld 8.0.20) starting as process 90
2020-06-25T23:18:34.823752+09:00 1 [System] [MY-013576] [InnoDB] InnoDB initialization has started.
2020-06-25T23:18:35.227846+09:00 1 [System] [MY-013577] [InnoDB] InnoDB initialization has ended.
2020-06-25T23:18:35.439126+09:00 0 [System] [MY-011323] [Server] X Plugin ready for connections. Socket: '/var/run/mysqld/mysqlx.sock'
2020-06-25T23:18:35.775903+09:00 0 [Warning] [MY-010068] [Server] CA certificate ca.pem is self signed.
2020-06-25T23:18:35.787520+09:00 0 [Warning] [MY-011810] [Server] Insecure configuration for --pid-file: Location '/var/run/mysqld' in the path is accessible to all OS users. Consider choosing a different directory.
2020-06-25T23:18:35.959214+09:00 0 [System] [MY-010931] [Server] /usr/sbin/mysqld: ready for connections. Version: '8.0.20'  socket: '/var/run/mysqld/mysqld.sock'  port: 0  MySQL Community Server - GPL.
2020-06-25T23:18:52.802257+09:00 14 [System] [MY-013172] [Server] Received SHUTDOWN from user root. Shutting down mysqld (Version: 8.0.20).
2020-06-25T23:18:54.912287+09:00 0 [System] [MY-010910] [Server] /usr/sbin/mysqld: Shutdown complete (mysqld 8.0.20)  MySQL Community Server - GPL.
2020-06-25T23:18:56.171010+09:00 0 [Warning] [MY-011070] [Server] 'Disabling symbolic links using --skip-symbolic-links (or equivalent) is the default. Consider not using this option as it' is deprecated and will be removed in a future release.
2020-06-25T23:18:56.171347+09:00 0 [System] [MY-010116] [Server] /usr/sbin/mysqld (mysqld 8.0.20) starting as process 1
2020-06-25T23:18:56.191617+09:00 1 [System] [MY-013576] [InnoDB] InnoDB initialization has started.
2020-06-25T23:18:56.574401+09:00 1 [System] [MY-013577] [InnoDB] InnoDB initialization has ended.
2020-06-25T23:18:56.730815+09:00 0 [System] [MY-011323] [Server] X Plugin ready for connections. Socket: '/var/run/mysqld/mysqlx.sock' bind-address: '::' port: 33060
2020-06-25T23:18:56.873368+09:00 0 [Warning] [MY-010068] [Server] CA certificate ca.pem is self signed.
2020-06-25T23:18:56.878689+09:00 0 [Warning] [MY-011810] [Server] Insecure configuration for --pid-file: Location '/var/run/mysqld' in the path is accessible to all OS users. Consider choosing a different directory.
2020-06-25T23:18:56.911913+09:00 0 [System] [MY-010931] [Server] /usr/sbin/mysqld: ready for connections. Version: '8.0.20'  socket: '/var/run/mysqld/mysqld.sock'  port: 3306  MySQL Community Server - GPL.
